app/build/outputs/logs/manifest-merger-debug-report.txt
-- Merging decision tree log ---
manifest
ADDED from src\main\AndroidManifest.xml:2:1-37:12
	package
		ADDED from src\main\AndroidManifest.xml:3:3-30
		INJECTED from src\main\AndroidManifest.xml
		INJECTED from src\main\AndroidManifest.xml
	android:versionName
		ADDED from src\main\AndroidManifest.xml:5:3-30
		INJECTED from src\main\AndroidManifest.xml
		INJECTED from src\main\AndroidManifest.xml
	android:versionCode
		ADDED from src\main\AndroidManifest.xml:4:3-27
		INJECTED from src\main\AndroidManifest.xml
		INJECTED from src\main\AndroidManifest.xml
	xmlns:android
		ADDED from src\main\AndroidManifest.xml:2:11-69
uses-sdk
ADDED from src\main\AndroidManifest.xml:7:2-9:36
	android:targetSdkVersion
		ADDED from src\main\AndroidManifest.xml:9:4-33
		INJECTED from src\main\AndroidManifest.xml
		INJECTED from src\main\AndroidManifest.xml
	android:minSdkVersion
		ADDED from src\main\AndroidManifest.xml:8:4-29
		INJECTED from src\main\AndroidManifest.xml
		INJECTED from src\main\AndroidManifest.xml
uses-permission#android.permission.WRITE_EXTERNAL_STORAGE
ADDED from src\main\AndroidManifest.xml:11:2-78
	android:name
		ADDED from src\main\AndroidManifest.xml:11:19-75
uses-permission#android.permission.ACCESS_NETWORK_STATE
ADDED from src\main\AndroidManifest.xml:12:2-76
	android:name
		ADDED from src\main\AndroidManifest.xml:12:19-73
uses-permission#android.permission.WAKE_LOCK
ADDED from src\main\AndroidManifest.xml:13:2-65
	android:name
		ADDED from src\main\AndroidManifest.xml:13:19-62
uses-permission#android.permission.INTERNET
ADDED from src\main\AndroidManifest.xml:14:2-64
	android:name
		ADDED from src\main\AndroidManifest.xml:14:19-61
application
ADDED from src\main\AndroidManifest.xml:16:2-36:16
	android:label
		ADDED from src\main\AndroidManifest.xml:19:4-36
	android:hardwareAccelerated
		ADDED from src\main\AndroidManifest.xml:21:4-38
	android:allowBackup
		ADDED from src\main\AndroidManifest.xml:17:4-30
	android:icon
		ADDED from src\main\AndroidManifest.xml:18:4-33
	android:theme
		ADDED from src\main\AndroidManifest.xml:20:4-35
	android:name
		ADDED from src\main\AndroidManifest.xml:22:4-33
activity#org.happysanta.gd.GDActivity
ADDED from src\main\AndroidManifest.xml:23:3-35:14
	android:screenOrientation
		ADDED from src\main\AndroidManifest.xml:26:5-41
	android:label
		ADDED from src\main\AndroidManifest.xml:25:5-37
	android:launchMode
		ADDED from src\main\AndroidManifest.xml:28:5-40
	android:configChanges
		ADDED from src\main\AndroidManifest.xml:27:5-43
	android:name
		ADDED from src\main\AndroidManifest.xml:24:5-31
intent-filter#android.intent.action.MAIN+android.intent.category.LAUNCHER+android.net.conn.CONNECTIVITY_CHANGE
ADDED from src\main\AndroidManifest.xml:29:4-34:20
action#android.intent.action.MAIN
ADDED from src\main\AndroidManifest.xml:30:5-57
	android:name
		ADDED from src\main\AndroidManifest.xml:30:13-54
action#android.net.conn.CONNECTIVITY_CHANGE
ADDED from src\main\AndroidManifest.xml:31:5-67
	android:name
		ADDED from src\main\AndroidManifest.xml:31:13-64
category#android.intent.category.LAUNCHER
ADDED from src\main\AndroidManifest.xml:33:5-65
	android:name
		ADDED from src\main\AndroidManifest.xml:33:15-62